# JRE version: OpenJDK Runtime Environment (11.0.2+9) (build 11.0.2+9)
# Java VM: OpenJDK 64-Bit Server VM (11.0.2+9, mixed mode, tiered, compressed oops, g1 gc, windows-amd64)
Heap:
 garbage-first heap   total 131072K, used 11676K [0x0000000081e00000, 0x0000000100000000)
  region size 1024K, 7 young (7168K), 1 survivors (1024K)
 Metaspace       used 22720K, capacity 23285K, committed 23424K, reserved 1071104K
  class space    used 2404K, capacity 2664K, committed 2688K, reserved 1048576K
GC Heap History (6 events):
Event: 2.101 GC heap before
{Heap before GC invocations=0 (full 0):
 garbage-first heap   total 131072K, used 16384K [0x0000000081e00000, 0x0000000100000000)
  region size 1024K, 14 young (14336K), 0 survivors (0K)
 Metaspace       used 18481K, capacity 18919K, committed 19072K, reserved 1067008K
  class space    used 1935K, capacity 2165K, committed 2176K, reserved 1048576K
}
Event: 2.108 GC heap after
{Heap after GC invocations=1 (full 0):
 garbage-first heap   total 131072K, used 5743K [0x0000000081e00000, 0x0000000100000000)
  region size 1024K, 2 young (2048K), 2 survivors (2048K)
 Metaspace       used 18481K, capacity 18919K, committed 19072K, reserved 1067008K
  class space    used 1935K, capacity 2165K, committed 2176K, reserved 1048576K
}
Event: 2.211 GC heap before
{Heap before GC invocations=1 (full 0):
 garbage-first heap   total 131072K, used 10863K [0x0000000081e00000, 0x0000000100000000)
  region size 1024K, 7 young (7168K), 2 survivors (2048K)
 Metaspace       used 20072K, capacity 20659K, committed 20864K, reserved 1067008K
  class space    used 2165K, capacity 2406K, committed 2432K, reserved 1048576K
}
Event: 2.216 GC heap after
{Heap after GC invocations=2 (full 0):
 garbage-first heap   total 131072K, used 6366K [0x0000000081e00000, 0x0000000100000000)
  region size 1024K, 1 young (1024K), 1 survivors (1024K)
 Metaspace       used 20072K, capacity 20659K, committed 20864K, reserved 1067008K
  class space    used 2165K, capacity 2406K, committed 2432K, reserved 1048576K
}
Event: 2.264 GC heap before
{Heap before GC invocations=2 (full 0):
 garbage-first heap   total 131072K, used 7390K [0x0000000081e00000, 0x0000000100000000)
  region size 1024K, 3 young (3072K), 1 survivors (1024K)
 Metaspace       used 20575K, capacity 21115K, committed 21248K, reserved 1069056K
  class space    used 2185K, capacity 2474K, committed 2560K, reserved 1048576K
}
Event: 2.265 GC heap after
{Heap after GC invocations=3 (full 0):
 garbage-first heap   total 131072K, used 6556K [0x0000000081e00000, 0x0000000100000000)
  region size 1024K, 1 young (1024K), 1 survivors (1024K)
 Metaspace       used 20575K, capacity 21115K, committed 21248K, reserved 1069056K
  class space    used 2185K, capacity 2474K, committed 2560K, reserved 1048576K
}

