# JRE version: OpenJDK Runtime Environment (11.0.2+9) (build 11.0.2+9)
# Java VM: OpenJDK 64-Bit Server VM (11.0.2+9, mixed mode, tiered, compressed oops, g1 gc, windows-amd64)
Heap:
 garbage-first heap   total 131072K, used 15817K [0x0000000081e00000, 0x0000000100000000)
  region size 1024K, 8 young (8192K), 1 survivors (1024K)
 Metaspace       used 23692K, capacity 24251K, committed 24320K, reserved 1071104K
  class space    used 2551K, capacity 2792K, committed 2816K, reserved 1048576K
GC Heap History (6 events):
Event: 1.727 GC heap before
{Heap before GC invocations=0 (full 0):
 garbage-first heap   total 131072K, used 16384K [0x0000000081e00000, 0x0000000100000000)
  region size 1024K, 14 young (14336K), 0 survivors (0K)
 Metaspace       used 18088K, capacity 18567K, committed 18816K, reserved 1067008K
  class space    used 1912K, capacity 2133K, committed 2176K, reserved 1048576K
}
Event: 1.735 GC heap after
{Heap after GC invocations=1 (full 0):
 garbage-first heap   total 131072K, used 5711K [0x0000000081e00000, 0x0000000100000000)
  region size 1024K, 2 young (2048K), 2 survivors (2048K)
 Metaspace       used 18088K, capacity 18567K, committed 18816K, reserved 1067008K
  class space    used 1912K, capacity 2133K, committed 2176K, reserved 1048576K
}
Event: 1.889 GC heap before
{Heap before GC invocations=1 (full 0):
 garbage-first heap   total 131072K, used 11855K [0x0000000081e00000, 0x0000000100000000)
  region size 1024K, 8 young (8192K), 2 survivors (2048K)
 Metaspace       used 20214K, capacity 20794K, committed 20992K, reserved 1067008K
  class space    used 2193K, capacity 2474K, committed 2560K, reserved 1048576K
}
Event: 1.893 GC heap after
{Heap after GC invocations=2 (full 0):
 garbage-first heap   total 131072K, used 6616K [0x0000000081e00000, 0x0000000100000000)
  region size 1024K, 1 young (1024K), 1 survivors (1024K)
 Metaspace       used 20214K, capacity 20794K, committed 20992K, reserved 1067008K
  class space    used 2193K, capacity 2474K, committed 2560K, reserved 1048576K
}
Event: 1.923 GC heap before
{Heap before GC invocations=2 (full 0):
 garbage-first heap   total 131072K, used 7640K [0x0000000081e00000, 0x0000000100000000)
  region size 1024K, 3 young (3072K), 1 survivors (1024K)
 Metaspace       used 20558K, capacity 21114K, committed 21248K, reserved 1069056K
  class space    used 2198K, capacity 2474K, committed 2560K, reserved 1048576K
}
Event: 1.924 GC heap after
{Heap after GC invocations=3 (full 0):
 garbage-first heap   total 131072K, used 6601K [0x0000000081e00000, 0x0000000100000000)
  region size 1024K, 1 young (1024K), 1 survivors (1024K)
 Metaspace       used 20558K, capacity 21114K, committed 21248K, reserved 1069056K
  class space    used 2198K, capacity 2474K, committed 2560K, reserved 1048576K
}

