# JRE version: OpenJDK Runtime Environment (11.0.2+9) (build 11.0.2+9)
# Java VM: OpenJDK 64-Bit Server VM (11.0.2+9, mixed mode, tiered, compressed oops, g1 gc, windows-amd64)
Heap:
 garbage-first heap   total 131072K, used 15804K [0x0000000081e00000, 0x0000000100000000)
  region size 1024K, 9 young (9216K), 1 survivors (1024K)
 Metaspace       used 23707K, capacity 24316K, committed 24576K, reserved 1071104K
  class space    used 2543K, capacity 2792K, committed 2816K, reserved 1048576K
GC Heap History (6 events):
Event: 1.839 GC heap before
{Heap before GC invocations=0 (full 0):
 garbage-first heap   total 131072K, used 16384K [0x0000000081e00000, 0x0000000100000000)
  region size 1024K, 14 young (14336K), 0 survivors (0K)
 Metaspace       used 18040K, capacity 18492K, committed 18560K, reserved 1064960K
  class space    used 1898K, capacity 2129K, committed 2176K, reserved 1048576K
}
Event: 1.846 GC heap after
{Heap after GC invocations=1 (full 0):
 garbage-first heap   total 131072K, used 5703K [0x0000000081e00000, 0x0000000100000000)
  region size 1024K, 2 young (2048K), 2 survivors (2048K)
 Metaspace       used 18040K, capacity 18492K, committed 18560K, reserved 1064960K
  class space    used 1898K, capacity 2129K, committed 2176K, reserved 1048576K
}
Event: 1.934 GC heap before
{Heap before GC invocations=1 (full 0):
 garbage-first heap   total 131072K, used 9799K [0x0000000081e00000, 0x0000000100000000)
  region size 1024K, 6 young (6144K), 2 survivors (2048K)
 Metaspace       used 19636K, capacity 20221K, committed 20352K, reserved 1067008K
  class space    used 2116K, capacity 2368K, committed 2432K, reserved 1048576K
}
Event: 1.939 GC heap after
{Heap after GC invocations=2 (full 0):
 garbage-first heap   total 131072K, used 6279K [0x0000000081e00000, 0x0000000100000000)
  region size 1024K, 1 young (1024K), 1 survivors (1024K)
 Metaspace       used 19636K, capacity 20221K, committed 20352K, reserved 1067008K
  class space    used 2116K, capacity 2368K, committed 2432K, reserved 1048576K
}
Event: 2.036 GC heap before
{Heap before GC invocations=2 (full 0):
 garbage-first heap   total 131072K, used 8327K [0x0000000081e00000, 0x0000000100000000)
  region size 1024K, 4 young (4096K), 1 survivors (1024K)
 Metaspace       used 20528K, capacity 21108K, committed 21248K, reserved 1069056K
  class space    used 2185K, capacity 2472K, committed 2560K, reserved 1048576K
}
Event: 2.037 GC heap after
{Heap after GC invocations=3 (full 0):
 garbage-first heap   total 131072K, used 6588K [0x0000000081e00000, 0x0000000100000000)
  region size 1024K, 1 young (1024K), 1 survivors (1024K)
 Metaspace       used 20528K, capacity 21108K, committed 21248K, reserved 1069056K
  class space    used 2185K, capacity 2472K, committed 2560K, reserved 1048576K
}

