# JRE version: OpenJDK Runtime Environment (11.0.2+9) (build 11.0.2+9)
# Java VM: OpenJDK 64-Bit Server VM (11.0.2+9, mixed mode, tiered, compressed oops, g1 gc, windows-amd64)
Heap:
 garbage-first heap   total 131072K, used 37003K [0x0000000081e00000, 0x0000000100000000)
  region size 1024K, 25 young (25600K), 5 survivors (5120K)
 Metaspace       used 27044K, capacity 27655K, committed 27904K, reserved 1075200K
  class space    used 2713K, capacity 2988K, committed 3072K, reserved 1048576K
GC Heap History (10 events):
Event: 1.815 GC heap before
{Heap before GC invocations=0 (full 0):
 garbage-first heap   total 131072K, used 16384K [0x0000000081e00000, 0x0000000100000000)
  region size 1024K, 14 young (14336K), 0 survivors (0K)
 Metaspace       used 18101K, capacity 18557K, committed 18816K, reserved 1067008K
  class space    used 1899K, capacity 2129K, committed 2176K, reserved 1048576K
}
Event: 1.822 GC heap after
{Heap after GC invocations=1 (full 0):
 garbage-first heap   total 131072K, used 5845K [0x0000000081e00000, 0x0000000100000000)
  region size 1024K, 2 young (2048K), 2 survivors (2048K)
 Metaspace       used 18101K, capacity 18557K, committed 18816K, reserved 1067008K
  class space    used 1899K, capacity 2129K, committed 2176K, reserved 1048576K
}
Event: 1.930 GC heap before
{Heap before GC invocations=1 (full 0):
 garbage-first heap   total 131072K, used 9941K [0x0000000081e00000, 0x0000000100000000)
  region size 1024K, 6 young (6144K), 2 survivors (2048K)
 Metaspace       used 19773K, capacity 20289K, committed 20608K, reserved 1067008K
  class space    used 2129K, capacity 2368K, committed 2432K, reserved 1048576K
}
Event: 1.935 GC heap after
{Heap after GC invocations=2 (full 0):
 garbage-first heap   total 131072K, used 6458K [0x0000000081e00000, 0x0000000100000000)
  region size 1024K, 1 young (1024K), 1 survivors (1024K)
 Metaspace       used 19773K, capacity 20289K, committed 20608K, reserved 1067008K
  class space    used 2129K, capacity 2368K, committed 2432K, reserved 1048576K
}
Event: 2.013 GC heap before
{Heap before GC invocations=2 (full 0):
 garbage-first heap   total 131072K, used 24890K [0x0000000081e00000, 0x0000000100000000)
  region size 1024K, 20 young (20480K), 1 survivors (1024K)
 Metaspace       used 20089K, capacity 20679K, committed 20992K, reserved 1067008K
  class space    used 2165K, capacity 2434K, committed 2560K, reserved 1048576K
}
Event: 2.016 GC heap after
{Heap after GC invocations=3 (full 0):
 garbage-first heap   total 131072K, used 9309K [0x0000000081e00000, 0x0000000100000000)
  region size 1024K, 3 young (3072K), 3 survivors (3072K)
 Metaspace       used 20089K, capacity 20679K, committed 20992K, reserved 1067008K
  class space    used 2165K, capacity 2434K, committed 2560K, reserved 1048576K
}
Event: 2.077 GC heap before
{Heap before GC invocations=3 (full 0):
 garbage-first heap   total 131072K, used 41053K [0x0000000081e00000, 0x0000000100000000)
  region size 1024K, 35 young (35840K), 3 survivors (3072K)
 Metaspace       used 20151K, capacity 20743K, committed 20992K, reserved 1067008K
  class space    used 2165K, capacity 2434K, committed 2560K, reserved 1048576K
}
Event: 2.082 GC heap after
{Heap after GC invocations=4 (full 0):
 garbage-first heap   total 131072K, used 13520K [0x0000000081e00000, 0x0000000100000000)
  region size 1024K, 5 young (5120K), 5 survivors (5120K)
 Metaspace       used 20151K, capacity 20743K, committed 20992K, reserved 1067008K
  class space    used 2165K, capacity 2434K, committed 2560K, reserved 1048576K
}
Event: 3.448 GC heap before
{Heap before GC invocations=4 (full 0):
 garbage-first heap   total 131072K, used 47312K [0x0000000081e00000, 0x0000000100000000)
  region size 1024K, 39 young (39936K), 5 survivors (5120K)
 Metaspace       used 20475K, capacity 21076K, committed 21248K, reserved 1069056K
  class space    used 2179K, capacity 2437K, committed 2560K, reserved 1048576K
}
Event: 3.454 GC heap after
{Heap after GC invocations=5 (full 0):
 garbage-first heap   total 131072K, used 18571K [0x0000000081e00000, 0x0000000100000000)
  region size 1024K, 5 young (5120K), 5 survivors (5120K)
 Metaspace       used 20475K, capacity 21076K, committed 21248K, reserved 1069056K
  class space    used 2179K, capacity 2437K, committed 2560K, reserved 1048576K
}

